c:\users\unive\onedrive\문서\github\data_structure\data_structur\x64\debug\vc143.pdb
c:\users\unive\onedrive\문서\github\data_structure\data_structur\x64\debug\vc143.idb
c:\users\unive\onedrive\문서\github\data_structure\data_structur\x64\debug\program8-12.obj
c:\users\unive\onedrive\문서\github\data_structure\data_structur\x64\debug\program8-5.obj
c:\users\unive\onedrive\문서\github\data_structure\x64\debug\data_structur.exe
c:\users\unive\onedrive\문서\github\data_structure\x64\debug\data_structur.pdb
c:\users\unive\onedrive\문서\github\data_structure\data_structur\x64\debug\data_structur.ilk
c:\users\unive\onedrive\문서\github\data_structure\data_structur\x64\debug\bst.obj
c:\users\unive\onedrive\문서\github\data_structure\data_structur\x64\debug\exercise2-10.obj
c:\users\unive\onedrive\문서\github\data_structure\data_structur\x64\debug\exercise2-11.obj
c:\users\unive\onedrive\문서\github\data_structure\data_structur\x64\debug\exercise2-12.obj
c:\users\unive\onedrive\문서\github\data_structure\data_structur\x64\debug\exercise2-13.obj
c:\users\unive\onedrive\문서\github\data_structure\data_structur\x64\debug\exercise2-14_no.obj
c:\users\unive\onedrive\문서\github\data_structure\data_structur\x64\debug\exercise2-15_no.obj
c:\users\unive\onedrive\문서\github\data_structure\data_structur\x64\debug\exercise2-16.obj
c:\users\unive\onedrive\문서\github\data_structure\data_structur\x64\debug\exercise2-21.obj
c:\users\unive\onedrive\문서\github\data_structure\data_structur\x64\debug\exercise2-7.obj
c:\users\unive\onedrive\문서\github\data_structure\data_structur\x64\debug\exercise2-8.obj
c:\users\unive\onedrive\문서\github\data_structure\data_structur\x64\debug\exercise2-9.obj
c:\users\unive\onedrive\문서\github\data_structure\data_structur\x64\debug\exercise3-12.obj
c:\users\unive\onedrive\문서\github\data_structure\data_structur\x64\debug\exercise3-4.obj
c:\users\unive\onedrive\문서\github\data_structure\data_structur\x64\debug\exercise3-6.obj
c:\users\unive\onedrive\문서\github\data_structure\data_structur\x64\debug\exercise4-10-2.obj
c:\users\unive\onedrive\문서\github\data_structure\data_structur\x64\debug\exercise4-10.obj
c:\users\unive\onedrive\문서\github\data_structure\data_structur\x64\debug\exercise4-11.obj
c:\users\unive\onedrive\문서\github\data_structure\data_structur\x64\debug\exercise4-12.obj
c:\users\unive\onedrive\문서\github\data_structure\data_structur\x64\debug\exercise4-16.obj
c:\users\unive\onedrive\문서\github\data_structure\data_structur\x64\debug\exercise5-11.obj
c:\users\unive\onedrive\문서\github\data_structure\data_structur\x64\debug\exercise5-8.obj
c:\users\unive\onedrive\문서\github\data_structure\data_structur\x64\debug\exercise5-9.obj
c:\users\unive\onedrive\문서\github\data_structure\data_structur\x64\debug\exercise6-14.obj
c:\users\unive\onedrive\문서\github\data_structure\data_structur\x64\debug\exercise6-16.obj
c:\users\unive\onedrive\문서\github\data_structure\data_structur\x64\debug\exercise6-9.obj
c:\users\unive\onedrive\문서\github\data_structure\data_structur\x64\debug\exercise7-3.obj
c:\users\unive\onedrive\문서\github\data_structure\data_structur\x64\debug\exercise7-4.obj
c:\users\unive\onedrive\문서\github\data_structure\data_structur\x64\debug\exercise7-6.obj
c:\users\unive\onedrive\문서\github\data_structure\data_structur\x64\debug\exercise7-7.obj
c:\users\unive\onedrive\문서\github\data_structure\data_structur\x64\debug\lab6 두개의 리스트를 하나로 합치는 함수.obj
c:\users\unive\onedrive\문서\github\data_structure\data_structur\x64\debug\lab6단어 저장 연결리스트.obj
c:\users\unive\onedrive\문서\github\data_structure\data_structur\x64\debug\lab6리스트를 역순을 만드는 연산.obj
c:\users\unive\onedrive\문서\github\data_structure\data_structur\x64\debug\malloc_free.obj
c:\users\unive\onedrive\문서\github\data_structure\data_structur\x64\debug\mall_free.obj
c:\users\unive\onedrive\문서\github\data_structure\data_structur\x64\debug\program3.3.obj
c:\users\unive\onedrive\문서\github\data_structure\data_structur\x64\debug\program3.4.obj
c:\users\unive\onedrive\문서\github\data_structure\data_structur\x64\debug\program3.5.obj
c:\users\unive\onedrive\문서\github\data_structure\data_structur\x64\debug\program3.6.obj
c:\users\unive\onedrive\문서\github\data_structure\data_structur\x64\debug\program3.7.obj
c:\users\unive\onedrive\문서\github\data_structure\data_structur\x64\debug\program3.8.obj
c:\users\unive\onedrive\문서\github\data_structure\data_structur\x64\debug\program4-1.obj
c:\users\unive\onedrive\문서\github\data_structure\data_structur\x64\debug\program4-2.obj
c:\users\unive\onedrive\문서\github\data_structure\data_structur\x64\debug\program4-3.obj
c:\users\unive\onedrive\문서\github\data_structure\data_structur\x64\debug\program4-4.obj
c:\users\unive\onedrive\문서\github\data_structure\data_structur\x64\debug\program4-5.obj
c:\users\unive\onedrive\문서\github\data_structure\data_structur\x64\debug\program4-6.obj
c:\users\unive\onedrive\문서\github\data_structure\data_structur\x64\debug\program4-7.obj
c:\users\unive\onedrive\문서\github\data_structure\data_structur\x64\debug\program4-8.obj
c:\users\unive\onedrive\문서\github\data_structure\data_structur\x64\debug\program4-9.obj
c:\users\unive\onedrive\문서\github\data_structure\data_structur\x64\debug\program5-1.obj
c:\users\unive\onedrive\문서\github\data_structure\data_structur\x64\debug\program5-2.obj
c:\users\unive\onedrive\문서\github\data_structure\data_structur\x64\debug\program5-3.obj
c:\users\unive\onedrive\문서\github\data_structure\data_structur\x64\debug\program5-4.obj
c:\users\unive\onedrive\문서\github\data_structure\data_structur\x64\debug\program6-1.obj
c:\users\unive\onedrive\문서\github\data_structure\data_structur\x64\debug\program6-2~7.obj
c:\users\unive\onedrive\문서\github\data_structure\data_structur\x64\debug\program6-8.obj
c:\users\unive\onedrive\문서\github\data_structure\data_structur\x64\debug\program7-12.obj
c:\users\unive\onedrive\문서\github\data_structure\data_structur\x64\debug\program7-3.obj
c:\users\unive\onedrive\문서\github\data_structure\data_structur\x64\debug\program7-4.obj
c:\users\unive\onedrive\문서\github\data_structure\data_structur\x64\debug\program7-7.obj
c:\users\unive\onedrive\문서\github\data_structure\data_structur\x64\debug\program7-8.obj
c:\users\unive\onedrive\문서\github\data_structure\data_structur\x64\debug\program7-9.obj
c:\users\unive\onedrive\문서\github\data_structure\data_structur\x64\debug\program8-1.obj
c:\users\unive\onedrive\문서\github\data_structure\data_structur\x64\debug\program8-3.obj
c:\users\unive\onedrive\문서\github\data_structure\data_structur\x64\debug\program8-4.obj
c:\users\unive\onedrive\문서\github\data_structure\data_structur\x64\debug\program_3.1.obj
c:\users\unive\onedrive\문서\github\data_structure\data_structur\x64\debug\program_3.2.obj
c:\users\unive\onedrive\문서\github\data_structure\data_structur\x64\debug\program_quiz.obj
c:\users\unive\onedrive\문서\github\data_structure\data_structur\x64\debug\test.obj
c:\users\unive\onedrive\문서\github\data_structure\data_structur\x64\debug\data_structur.tlog\cl.command.1.tlog
c:\users\unive\onedrive\문서\github\data_structure\data_structur\x64\debug\data_structur.tlog\cl.items.tlog
c:\users\unive\onedrive\문서\github\data_structure\data_structur\x64\debug\data_structur.tlog\cl.read.1.tlog
c:\users\unive\onedrive\문서\github\data_structure\data_structur\x64\debug\data_structur.tlog\cl.write.1.tlog
c:\users\unive\onedrive\문서\github\data_structure\data_structur\x64\debug\data_structur.tlog\link.command.1.tlog
c:\users\unive\onedrive\문서\github\data_structure\data_structur\x64\debug\data_structur.tlog\link.read.1.tlog
c:\users\unive\onedrive\문서\github\data_structure\data_structur\x64\debug\data_structur.tlog\link.secondary.1.tlog
c:\users\unive\onedrive\문서\github\data_structure\data_structur\x64\debug\data_structur.tlog\link.write.1.tlog
